<?xml version="1.0" encoding="utf-8"?><testsuites name="pytest tests"><testsuite name="pytest" errors="0" failures="0" skipped="0" tests="15" time="4.679" timestamp="2026-08-28T13:51:12.720736+00:00" hostname="agent-env-521e9520-210c-4f24-9a36-73d5ea7ee7a9"><testcase classname="tests.test_iteration2.TestWhatsAppSend" name="test_fallback_when_no_token" time="1.128" /><testcase classname="tests.test_iteration2.TestScoreOverride" name="test_override_applies_everywhere" time="1.331" /><testcase classname="tests.test_iteration2.TestWhatsAppSend" name="test_400_when_client_whatsapp_empty" time="0.289" /><testcase classname="tests.test_iteration2.TestScoreOverride" name="test_override_bounds_rejected_or_ignored" time="0.355" /><testcase classname="tests.test_iteration2.TestWhatsAppSend" name="test_404_unknown_client" time="0.129" /><testcase classname="tests.test_iteration2.TestWhatsAppSend" name="test_requires_auth" time="0.138" /><testcase classname="tests.test_iteration2.TestRemindersToday" name="test_reminders_today_structure_seeded" time="0.086" /><testcase classname="tests.test_iteration2.TestScoreOverride" name="test_override_zero" time="0.343" /><testcase classname="tests.test_iteration2.TestRemindersToday" name="test_future_date_not_included" time="0.593" /><testcase classname="tests.test_iteration2.TestScoreOverride" name="test_edit_fields_persist" time="0.356" /><testcase classname="tests.test_iteration2.TestRemindersToday" name="test_requires_auth" time="0.428" /><testcase classname="tests.test_iteration2.TestFollowUpAutoSchedule" name="test_auto_schedule_uses_settings_intervals" time="1.390" /><testcase classname="tests.test_iteration2.TestSettingsFonnte" name="test_defaults" time="0.083" /><testcase classname="tests.test_iteration2.TestSettingsFonnte" name="test_persist_fonnte_and_reminder_time" time="0.461" /><testcase classname="tests.test_iteration2.TestFollowUpAutoSchedule" name="test_explicit_next_date_respected" time="0.355" /></testsuite></testsuites>