<?xml version="1.0" encoding="utf-8"?><testsuites name="pytest tests"><testsuite name="pytest" errors="0" failures="0" skipped="0" tests="35" time="19.535" timestamp="2026-08-28T13:51:22.279309+00:00" hostname="agent-env-521e9520-210c-4f24-9a36-73d5ea7ee7a9"><testcase classname="tests.backend_test.TestClients" name="test_list_enriched" time="0.641" /><testcase classname="tests.backend_test.TestAuth" name="test_register_returns_token_and_user" time="0.633" /><testcase classname="tests.backend_test.TestAuth" name="test_register_seeds_15_clients_with_orders" time="0.302" /><testcase classname="tests.backend_test.TestClients" name="test_create_and_get_single" time="0.156" /><testcase classname="tests.backend_test.TestClients" name="test_get_nonexistent_client_404" time="0.072" /><testcase classname="tests.backend_test.TestClients" name="test_patch_client_persists" time="0.160" /><testcase classname="tests.backend_test.TestAuth" name="test_register_duplicate_email" time="0.056" /><testcase classname="tests.backend_test.TestAuth" name="test_login_with_created_credentials" time="0.321" /><testcase classname="tests.backend_test.TestClients" name="test_patch_nonexistent_404" time="0.256" /><testcase classname="tests.backend_test.TestClients" name="test_orders_crud_on_client" time="0.793" /><testcase classname="tests.backend_test.TestAuth" name="test_login_invalid_password" time="0.279" /><testcase classname="tests.backend_test.TestAuth" name="test_demo_login" time="0.276" /><testcase classname="tests.backend_test.TestAuth" name="test_me" time="0.121" /><testcase classname="tests.backend_test.TestAuth" name="test_protected_endpoints_require_auth[/clients]" time="0.155" /><testcase classname="tests.backend_test.TestClients" name="test_order_on_nonexistent_client_404" time="0.109" /><testcase classname="tests.backend_test.TestAuth" name="test_protected_endpoints_require_auth[/orders]" time="0.123" /><testcase classname="tests.backend_test.TestClients" name="test_delete_client_removes_it" time="0.261" /><testcase classname="tests.backend_test.TestAuth" name="test_protected_endpoints_require_auth[/followups]" time="0.120" /><testcase classname="tests.backend_test.TestAuth" name="test_protected_endpoints_require_auth[/settings]" time="0.209" /><testcase classname="tests.backend_test.TestAI" name="test_generate_message" time="7.510" /><testcase classname="tests.backend_test.TestAuth" name="test_protected_endpoints_require_auth[/dashboard/summary]" time="0.121" /><testcase classname="tests.backend_test.TestAuth" name="test_protected_endpoints_require_auth[/ai/recommendations]" time="0.135" /><testcase classname="tests.backend_test.TestAuth" name="test_invalid_token_rejected" time="0.152" /><testcase classname="tests.backend_test.TestSettings" name="test_get_defaults" time="0.133" /><testcase classname="tests.backend_test.TestSettings" name="test_update_persists" time="0.234" /><testcase classname="tests.backend_test.TestIsolationAndSeed" name="test_data_isolation" time="0.489" /><testcase classname="tests.backend_test.TestIsolationAndSeed" name="test_seed_resets_to_15" time="0.371" /><testcase classname="tests.backend_test.TestHealth" name="test_root" time="0.056" /><testcase classname="tests.backend_test.TestDashboard" name="test_summary_metrics" time="0.100" /><testcase classname="tests.backend_test.TestFollowUps" name="test_create_followup_updates_client" time="0.311" /><testcase classname="tests.backend_test.TestAI" name="test_generate_message_shorter" time="3.796" /><testcase classname="tests.backend_test.TestAI" name="test_generate_message_invalid_client" time="0.082" /><testcase classname="tests.backend_test.TestAI" name="test_analyze" time="5.030" /><testcase classname="tests.backend_test.TestAI" name="test_analyze_invalid_client" time="0.064" /><testcase classname="tests.backend_test.TestAI" name="test_recommendations" time="0.077" /></testsuite></testsuites>